{"level":"info","message":"[mb:2525] mountebank v2.6.0 now taking orders - point your browser to http://localhost:2525/ for help","timestamp":"2022-06-30T09:13:24.339Z"}
{"level":"info","message":"[mb:2525] PUT /imposters","timestamp":"2022-06-30T09:13:24.409Z"}
{"level":"info","message":"[http:3001] Open for business...","timestamp":"2022-06-30T09:13:24.450Z"}
{"level":"info","message":"[http:3001] ::1:55998 => GET /api/v1/goods?page=1","timestamp":"2022-06-30T09:13:28.623Z"}
{"level":"info","message":"[http:3001] ::1:56000 => GET /api/v1/cart","timestamp":"2022-06-30T09:13:28.636Z"}
{"level":"info","message":"[http:3001] ::1:56002 => GET /api/v1/goods?page=2","timestamp":"2022-06-30T09:13:28.730Z"}
{"level":"info","message":"[http:3001] ::1:56004 => GET /api/v1/goods?page=1","timestamp":"2022-06-30T09:13:28.737Z"}
{"level":"info","message":"[http:3001] ::1:56006 => GET /api/v1/goods?page=1","timestamp":"2022-06-30T09:13:28.751Z"}
{"level":"info","message":"[http:3001] ::1:56008 => GET /api/v1/goods?page=2","timestamp":"2022-06-30T09:13:29.112Z"}
{"level":"info","message":"[http:3001] ::1:56010 => GET /api/v1/goods?page=2","timestamp":"2022-06-30T09:13:29.132Z"}
{"level":"info","message":"[http:3001] ::1:56012 => GET /api/v1/goods?page=1","timestamp":"2022-06-30T09:13:50.325Z"}
{"level":"info","message":"[http:3001] ::1:56014 => GET /api/v1/cart","timestamp":"2022-06-30T09:13:50.330Z"}
{"level":"info","message":"[http:3001] ::1:56016 => GET /api/v1/goods?page=2","timestamp":"2022-06-30T09:13:50.377Z"}
{"level":"info","message":"[http:3001] ::1:56018 => GET /api/v1/goods?page=1","timestamp":"2022-06-30T09:13:50.400Z"}
{"level":"info","message":"[http:3001] ::1:56020 => GET /api/v1/goods?page=1","timestamp":"2022-06-30T09:13:50.422Z"}
{"level":"info","message":"[http:3001] ::1:56022 => GET /api/v1/goods?page=2","timestamp":"2022-06-30T09:13:50.644Z"}
{"level":"info","message":"[http:3001] ::1:56024 => GET /api/v1/goods?page=2","timestamp":"2022-06-30T09:13:50.659Z"}
{"level":"info","message":"[http:3001] ::1:56026 => GET /api/v1/goods?page=1","timestamp":"2022-06-30T09:15:34.559Z"}
{"level":"info","message":"[http:3001] ::1:56028 => GET /api/v1/cart","timestamp":"2022-06-30T09:15:34.576Z"}
{"level":"info","message":"[http:3001] ::1:56030 => GET /api/v1/goods?page=2","timestamp":"2022-06-30T09:15:34.624Z"}
{"level":"info","message":"[http:3001] ::1:56032 => GET /api/v1/goods?page=1","timestamp":"2022-06-30T09:15:34.631Z"}
{"level":"info","message":"[http:3001] ::1:56034 => GET /api/v1/goods?page=1","timestamp":"2022-06-30T09:15:34.647Z"}
{"level":"info","message":"[http:3001] ::1:56038 => GET /api/v1/goods?page=2","timestamp":"2022-06-30T09:15:35.026Z"}
{"level":"info","message":"[http:3001] ::1:56040 => GET /api/v1/goods?page=2","timestamp":"2022-06-30T09:15:35.053Z"}
{"level":"info","message":"[http:3001] ::1:56042 => GET /api/v1/goods?page=1","timestamp":"2022-06-30T09:16:50.480Z"}
{"level":"info","message":"[http:3001] ::1:56044 => GET /api/v1/cart","timestamp":"2022-06-30T09:16:50.487Z"}
{"level":"info","message":"[http:3001] ::1:56048 => GET /api/v1/goods?page=2","timestamp":"2022-06-30T09:16:50.533Z"}
{"level":"info","message":"[http:3001] ::1:56050 => GET /api/v1/goods?page=1","timestamp":"2022-06-30T09:16:50.568Z"}
{"level":"info","message":"[http:3001] ::1:56052 => GET /api/v1/goods?page=1","timestamp":"2022-06-30T09:16:50.585Z"}
{"level":"info","message":"[http:3001] ::1:56054 => GET /api/v1/goods?page=2","timestamp":"2022-06-30T09:16:50.867Z"}
{"level":"info","message":"[http:3001] ::1:56056 => GET /api/v1/goods?page=2","timestamp":"2022-06-30T09:16:50.889Z"}
{"level":"info","message":"[http:3001] ::1:56058 => GET /api/v1/goods?page=1","timestamp":"2022-06-30T09:17:21.480Z"}
{"level":"info","message":"[http:3001] ::1:56060 => GET /api/v1/cart","timestamp":"2022-06-30T09:17:21.487Z"}
{"level":"info","message":"[http:3001] ::1:56062 => GET /api/v1/goods?page=2","timestamp":"2022-06-30T09:17:21.544Z"}
{"level":"info","message":"[http:3001] ::1:56064 => GET /api/v1/goods?page=1","timestamp":"2022-06-30T09:17:21.551Z"}
{"level":"info","message":"[http:3001] ::1:56066 => GET /api/v1/goods?page=1","timestamp":"2022-06-30T09:17:21.563Z"}
{"level":"info","message":"[http:3001] ::1:56068 => GET /api/v1/goods?page=2","timestamp":"2022-06-30T09:17:21.783Z"}
{"level":"info","message":"[http:3001] ::1:56070 => GET /api/v1/goods?page=2","timestamp":"2022-06-30T09:17:21.798Z"}
{"level":"info","message":"[http:3001] ::1:56072 => GET /api/v1/goods?page=1","timestamp":"2022-06-30T09:22:20.132Z"}
{"level":"info","message":"[http:3001] ::1:56074 => GET /api/v1/cart","timestamp":"2022-06-30T09:22:20.140Z"}
{"level":"info","message":"[http:3001] ::1:56076 => GET /api/v1/goods?page=2","timestamp":"2022-06-30T09:22:20.175Z"}
{"level":"info","message":"[http:3001] ::1:56078 => GET /api/v1/goods?page=1","timestamp":"2022-06-30T09:22:20.192Z"}
{"level":"info","message":"[http:3001] ::1:56080 => GET /api/v1/goods?page=1","timestamp":"2022-06-30T09:22:20.201Z"}
{"level":"info","message":"[http:3001] ::1:56082 => GET /api/v1/goods?page=2","timestamp":"2022-06-30T09:22:20.425Z"}
{"level":"info","message":"[http:3001] ::1:56086 => GET /api/v1/goods?page=2","timestamp":"2022-06-30T09:22:20.438Z"}
{"level":"info","message":"[http:3001] ::1:56088 => GET /api/v1/goods?page=1","timestamp":"2022-06-30T09:28:08.024Z"}
{"level":"info","message":"[http:3001] ::1:56090 => GET /api/v1/cart","timestamp":"2022-06-30T09:28:08.033Z"}
{"level":"info","message":"[http:3001] ::1:56092 => GET /api/v1/goods?page=2","timestamp":"2022-06-30T09:28:08.089Z"}
{"level":"info","message":"[http:3001] ::1:56096 => GET /api/v1/goods?page=1","timestamp":"2022-06-30T09:28:08.106Z"}
{"level":"info","message":"[http:3001] ::1:56098 => GET /api/v1/goods?page=1","timestamp":"2022-06-30T09:28:08.117Z"}
{"level":"info","message":"[http:3001] ::1:56100 => GET /api/v1/goods?page=2","timestamp":"2022-06-30T09:28:08.376Z"}
{"level":"info","message":"[http:3001] ::1:56102 => GET /api/v1/goods?page=2","timestamp":"2022-06-30T09:28:08.391Z"}
{"level":"info","message":"[http:3001] ::1:56104 => GET /api/v1/goods?page=1","timestamp":"2022-06-30T09:28:45.406Z"}
{"level":"info","message":"[http:3001] ::1:56106 => GET /api/v1/cart","timestamp":"2022-06-30T09:28:45.412Z"}
{"level":"info","message":"[http:3001] ::1:56108 => GET /api/v1/goods?page=2","timestamp":"2022-06-30T09:28:45.439Z"}
{"level":"info","message":"[http:3001] ::1:56110 => GET /api/v1/goods?page=1","timestamp":"2022-06-30T09:28:45.452Z"}
{"level":"info","message":"[http:3001] ::1:56112 => GET /api/v1/goods?page=1","timestamp":"2022-06-30T09:28:45.460Z"}
{"level":"info","message":"[http:3001] ::1:56114 => GET /api/v1/goods?page=2","timestamp":"2022-06-30T09:28:45.734Z"}
{"level":"info","message":"[http:3001] ::1:56116 => GET /api/v1/goods?page=2","timestamp":"2022-06-30T09:28:45.754Z"}
{"level":"info","message":"[http:3001] ::1:56118 => GET /api/v1/goods?page=1","timestamp":"2022-06-30T09:31:22.628Z"}
{"level":"info","message":"[http:3001] ::1:56120 => GET /api/v1/cart","timestamp":"2022-06-30T09:31:22.636Z"}
{"level":"info","message":"[http:3001] ::1:56122 => GET /api/v1/goods?page=2","timestamp":"2022-06-30T09:31:22.672Z"}
{"level":"info","message":"[http:3001] ::1:56124 => GET /api/v1/goods?page=1","timestamp":"2022-06-30T09:31:22.687Z"}
{"level":"info","message":"[http:3001] ::1:56126 => GET /api/v1/goods?page=1","timestamp":"2022-06-30T09:31:22.701Z"}
{"level":"info","message":"[http:3001] ::1:56128 => GET /api/v1/goods?page=2","timestamp":"2022-06-30T09:31:22.964Z"}
{"level":"info","message":"[http:3001] ::1:56130 => GET /api/v1/goods?page=2","timestamp":"2022-06-30T09:31:22.977Z"}
{"level":"info","message":"[http:3001] ::1:56132 => GET /api/v1/goods?page=1","timestamp":"2022-06-30T09:31:40.785Z"}
{"level":"info","message":"[http:3001] ::1:56136 => GET /api/v1/cart","timestamp":"2022-06-30T09:31:40.796Z"}
{"level":"info","message":"[http:3001] ::1:56138 => GET /api/v1/goods?page=2","timestamp":"2022-06-30T09:31:40.872Z"}
{"level":"info","message":"[http:3001] ::1:56140 => GET /api/v1/goods?page=1","timestamp":"2022-06-30T09:31:40.892Z"}
{"level":"info","message":"[http:3001] ::1:56142 => GET /api/v1/goods?page=1","timestamp":"2022-06-30T09:31:40.905Z"}
{"level":"info","message":"[http:3001] ::1:56144 => GET /api/v1/goods?page=2","timestamp":"2022-06-30T09:31:41.119Z"}
{"level":"info","message":"[http:3001] ::1:56146 => GET /api/v1/goods?page=2","timestamp":"2022-06-30T09:31:41.198Z"}
{"level":"info","message":"[http:3001] ::1:56148 => GET /api/v1/goods?page=1","timestamp":"2022-06-30T09:31:53.397Z"}
{"level":"info","message":"[http:3001] ::1:56150 => GET /api/v1/cart","timestamp":"2022-06-30T09:31:53.405Z"}
{"level":"info","message":"[http:3001] ::1:56154 => GET /api/v1/goods?page=2","timestamp":"2022-06-30T09:31:53.452Z"}
{"level":"info","message":"[http:3001] ::1:56158 => GET /api/v1/goods?page=1","timestamp":"2022-06-30T09:31:53.459Z"}
{"level":"info","message":"[http:3001] ::1:56160 => GET /api/v1/goods?page=1","timestamp":"2022-06-30T09:31:53.470Z"}
{"level":"info","message":"[http:3001] ::1:56164 => GET /api/v1/goods?page=2","timestamp":"2022-06-30T09:31:53.730Z"}
{"level":"info","message":"[http:3001] ::1:56166 => GET /api/v1/goods?page=2","timestamp":"2022-06-30T09:31:53.740Z"}
{"level":"info","message":"[http:3001] ::1:56168 => GET /api/v1/goods?page=1","timestamp":"2022-06-30T09:34:06.809Z"}
{"level":"info","message":"[http:3001] ::1:56170 => GET /api/v1/cart","timestamp":"2022-06-30T09:34:06.823Z"}
{"level":"info","message":"[http:3001] ::1:56172 => GET /api/v1/goods?page=2","timestamp":"2022-06-30T09:34:06.835Z"}
{"level":"info","message":"[http:3001] ::1:56174 => GET /api/v1/goods?page=1","timestamp":"2022-06-30T09:34:06.860Z"}
{"level":"info","message":"[http:3001] ::1:56176 => GET /api/v1/goods?page=1","timestamp":"2022-06-30T09:34:06.891Z"}
{"level":"info","message":"[http:3001] ::1:56178 => GET /api/v1/goods?page=2","timestamp":"2022-06-30T09:34:06.977Z"}
{"level":"info","message":"[http:3001] ::1:56180 => GET /api/v1/goods?page=2","timestamp":"2022-06-30T09:34:06.985Z"}
{"level":"info","message":"[http:3001] ::1:56182 => GET /api/v1/goods?page=1","timestamp":"2022-06-30T09:34:07.802Z"}
{"level":"info","message":"[http:3001] ::1:56184 => GET /api/v1/cart","timestamp":"2022-06-30T09:34:07.813Z"}
{"level":"info","message":"[http:3001] ::1:56186 => GET /api/v1/goods?page=2","timestamp":"2022-06-30T09:34:07.837Z"}
{"level":"info","message":"[http:3001] ::1:56188 => GET /api/v1/goods?page=1","timestamp":"2022-06-30T09:34:07.852Z"}
{"level":"info","message":"[http:3001] ::1:56190 => GET /api/v1/goods?page=1","timestamp":"2022-06-30T09:34:07.861Z"}
{"level":"info","message":"[http:3001] ::1:56192 => GET /api/v1/goods?page=2","timestamp":"2022-06-30T09:34:07.941Z"}
{"level":"info","message":"[http:3001] ::1:56194 => GET /api/v1/goods?page=2","timestamp":"2022-06-30T09:34:07.950Z"}
{"level":"info","message":"[http:3001] ::1:56196 => GET /api/v1/goods?page=1","timestamp":"2022-06-30T09:34:16.802Z"}
{"level":"info","message":"[http:3001] ::1:56198 => GET /api/v1/cart","timestamp":"2022-06-30T09:34:16.807Z"}
{"level":"info","message":"[http:3001] ::1:56200 => GET /api/v1/goods?page=2","timestamp":"2022-06-30T09:34:16.817Z"}
{"level":"info","message":"[http:3001] ::1:56202 => GET /api/v1/goods?page=1","timestamp":"2022-06-30T09:34:16.825Z"}
{"level":"info","message":"[http:3001] ::1:56204 => GET /api/v1/goods?page=1","timestamp":"2022-06-30T09:34:16.832Z"}
{"level":"info","message":"[http:3001] ::1:56206 => GET /api/v1/goods?page=2","timestamp":"2022-06-30T09:34:16.920Z"}
{"level":"info","message":"[http:3001] ::1:56208 => GET /api/v1/goods?page=2","timestamp":"2022-06-30T09:34:16.928Z"}
{"level":"info","message":"[http:3001] ::1:56210 => GET /api/v1/goods?page=1","timestamp":"2022-06-30T09:34:21.562Z"}
{"level":"info","message":"[http:3001] ::1:56212 => GET /api/v1/cart","timestamp":"2022-06-30T09:34:21.570Z"}
{"level":"info","message":"[http:3001] ::1:56214 => GET /api/v1/goods?page=2","timestamp":"2022-06-30T09:34:21.599Z"}
{"level":"info","message":"[http:3001] ::1:56216 => GET /api/v1/goods?page=1","timestamp":"2022-06-30T09:34:21.611Z"}
{"level":"info","message":"[http:3001] ::1:56218 => GET /api/v1/goods?page=1","timestamp":"2022-06-30T09:34:21.636Z"}
{"level":"info","message":"[http:3001] ::1:56220 => GET /api/v1/goods?page=2","timestamp":"2022-06-30T09:34:21.763Z"}
{"level":"info","message":"[http:3001] ::1:56222 => GET /api/v1/goods?page=2","timestamp":"2022-06-30T09:34:21.787Z"}
{"level":"info","message":"[http:3001] ::1:56224 => GET /api/v1/goods?page=1","timestamp":"2022-06-30T09:34:34.708Z"}
{"level":"info","message":"[http:3001] ::1:56226 => GET /api/v1/cart","timestamp":"2022-06-30T09:34:34.712Z"}
{"level":"info","message":"[http:3001] ::1:56228 => GET /api/v1/goods?page=2","timestamp":"2022-06-30T09:34:34.732Z"}
{"level":"info","message":"[http:3001] ::1:56230 => GET /api/v1/goods?page=1","timestamp":"2022-06-30T09:34:34.748Z"}
{"level":"info","message":"[http:3001] ::1:56232 => GET /api/v1/goods?page=1","timestamp":"2022-06-30T09:34:34.779Z"}
{"level":"info","message":"[http:3001] ::1:56234 => GET /api/v1/goods?page=2","timestamp":"2022-06-30T09:34:34.896Z"}
{"level":"info","message":"[http:3001] ::1:56236 => GET /api/v1/goods?page=2","timestamp":"2022-06-30T09:34:34.909Z"}
{"level":"info","message":"[http:3001] ::1:56238 => GET /api/v1/goods?page=1","timestamp":"2022-06-30T09:34:34.924Z"}
{"level":"info","message":"[http:3001] ::1:56240 => GET /api/v1/cart","timestamp":"2022-06-30T09:34:34.938Z"}
{"level":"info","message":"[http:3001] ::1:56242 => GET /api/v1/goods?page=2","timestamp":"2022-06-30T09:34:34.957Z"}
{"level":"info","message":"[http:3001] ::1:56244 => GET /api/v1/goods?page=1","timestamp":"2022-06-30T09:34:34.971Z"}
{"level":"info","message":"[http:3001] ::1:56246 => GET /api/v1/goods?page=1","timestamp":"2022-06-30T09:34:35.006Z"}
{"level":"info","message":"[http:3001] ::1:56250 => GET /api/v1/goods?page=2","timestamp":"2022-06-30T09:34:35.082Z"}
{"level":"info","message":"[http:3001] ::1:56252 => GET /api/v1/goods?page=2","timestamp":"2022-06-30T09:34:35.090Z"}
{"level":"info","message":"[http:3001] ::1:56254 => GET /api/v1/goods?page=1","timestamp":"2022-06-30T09:34:46.754Z"}
{"level":"info","message":"[http:3001] ::1:56256 => GET /api/v1/cart","timestamp":"2022-06-30T09:34:46.759Z"}
{"level":"info","message":"[http:3001] ::1:56258 => GET /api/v1/goods?page=2","timestamp":"2022-06-30T09:34:46.777Z"}
{"level":"info","message":"[http:3001] ::1:56260 => GET /api/v1/goods?page=1","timestamp":"2022-06-30T09:34:46.788Z"}
{"level":"info","message":"[http:3001] ::1:56262 => GET /api/v1/goods?page=1","timestamp":"2022-06-30T09:34:46.797Z"}
{"level":"info","message":"[http:3001] ::1:56264 => GET /api/v1/goods?page=2","timestamp":"2022-06-30T09:34:47.000Z"}
{"level":"info","message":"[http:3001] ::1:56266 => GET /api/v1/goods?page=2","timestamp":"2022-06-30T09:34:47.010Z"}
{"level":"info","message":"[http:3001] ::1:56268 => GET /api/v1/goods?page=1","timestamp":"2022-06-30T09:34:49.145Z"}
{"level":"info","message":"[http:3001] ::1:56270 => GET /api/v1/cart","timestamp":"2022-06-30T09:34:49.151Z"}
{"level":"info","message":"[http:3001] ::1:56272 => GET /api/v1/goods?page=2","timestamp":"2022-06-30T09:34:49.181Z"}
{"level":"info","message":"[http:3001] ::1:56274 => GET /api/v1/goods?page=1","timestamp":"2022-06-30T09:34:49.197Z"}
{"level":"info","message":"[http:3001] ::1:56276 => GET /api/v1/goods?page=1","timestamp":"2022-06-30T09:34:49.211Z"}
{"level":"info","message":"[http:3001] ::1:56278 => GET /api/v1/goods?page=2","timestamp":"2022-06-30T09:34:49.460Z"}
{"level":"info","message":"[http:3001] ::1:56282 => GET /api/v1/goods?page=2","timestamp":"2022-06-30T09:34:49.469Z"}
{"level":"info","message":"[http:3001] ::1:56284 => GET /api/v1/goods?page=1","timestamp":"2022-06-30T09:38:05.520Z"}
{"level":"info","message":"[http:3001] ::1:56286 => GET /api/v1/cart","timestamp":"2022-06-30T09:38:05.524Z"}
{"level":"info","message":"[http:3001] ::1:56288 => GET /api/v1/goods?page=2","timestamp":"2022-06-30T09:38:05.557Z"}
{"level":"info","message":"[http:3001] ::1:56290 => GET /api/v1/goods?page=1","timestamp":"2022-06-30T09:38:05.583Z"}
{"level":"info","message":"[http:3001] ::1:56292 => GET /api/v1/goods?page=1","timestamp":"2022-06-30T09:38:05.590Z"}
{"level":"info","message":"[http:3001] ::1:56294 => GET /api/v1/goods?page=2","timestamp":"2022-06-30T09:38:05.779Z"}
{"level":"info","message":"[http:3001] ::1:56296 => GET /api/v1/goods?page=2","timestamp":"2022-06-30T09:38:05.788Z"}
{"level":"info","message":"[http:3001] ::1:56298 => GET /api/v1/goods?page=1","timestamp":"2022-06-30T09:39:44.321Z"}
{"level":"info","message":"[http:3001] ::1:56300 => GET /api/v1/cart","timestamp":"2022-06-30T09:39:44.329Z"}
{"level":"info","message":"[http:3001] ::1:56302 => GET /api/v1/goods?page=2","timestamp":"2022-06-30T09:39:44.370Z"}
{"level":"info","message":"[http:3001] ::1:56304 => GET /api/v1/goods?page=1","timestamp":"2022-06-30T09:39:44.381Z"}
{"level":"info","message":"[http:3001] ::1:56306 => GET /api/v1/goods?page=1","timestamp":"2022-06-30T09:39:44.388Z"}
{"level":"info","message":"[http:3001] ::1:56308 => GET /api/v1/goods?page=2","timestamp":"2022-06-30T09:39:44.602Z"}
{"level":"info","message":"[http:3001] ::1:56310 => GET /api/v1/goods?page=2","timestamp":"2022-06-30T09:39:44.619Z"}
{"level":"info","message":"[http:3001] ::1:56312 => GET /api/v1/goods?page=1","timestamp":"2022-06-30T09:47:26.122Z"}
{"level":"info","message":"[http:3001] ::1:56314 => GET /api/v1/cart","timestamp":"2022-06-30T09:47:26.126Z"}
{"level":"info","message":"[http:3001] ::1:56316 => GET /api/v1/goods?page=2","timestamp":"2022-06-30T09:47:26.168Z"}
{"level":"info","message":"[http:3001] ::1:56318 => GET /api/v1/goods?page=1","timestamp":"2022-06-30T09:47:26.187Z"}
{"level":"info","message":"[http:3001] ::1:56320 => GET /api/v1/goods?page=1","timestamp":"2022-06-30T09:47:26.198Z"}
{"level":"info","message":"[http:3001] ::1:56322 => GET /api/v1/goods?page=2","timestamp":"2022-06-30T09:47:26.450Z"}
{"level":"info","message":"[http:3001] ::1:56324 => GET /api/v1/goods?page=2","timestamp":"2022-06-30T09:47:26.464Z"}
{"level":"info","message":"[http:3001] ::1:56326 => GET /api/v1/goods?page=1","timestamp":"2022-06-30T09:47:46.379Z"}
{"level":"info","message":"[http:3001] ::1:56328 => GET /api/v1/cart","timestamp":"2022-06-30T09:47:46.389Z"}
{"level":"info","message":"[http:3001] ::1:56330 => GET /api/v1/goods?page=2","timestamp":"2022-06-30T09:47:46.412Z"}
{"level":"info","message":"[http:3001] ::1:56332 => GET /api/v1/goods?page=1","timestamp":"2022-06-30T09:47:46.434Z"}
{"level":"info","message":"[http:3001] ::1:56334 => GET /api/v1/goods?page=1","timestamp":"2022-06-30T09:47:46.449Z"}
{"level":"info","message":"[http:3001] ::1:56338 => GET /api/v1/goods?page=2","timestamp":"2022-06-30T09:47:46.785Z"}
{"level":"info","message":"[http:3001] ::1:56340 => GET /api/v1/goods?page=2","timestamp":"2022-06-30T09:47:46.802Z"}
{"level":"info","message":"[http:3001] ::1:56342 => GET /api/v1/goods?page=1","timestamp":"2022-06-30T09:47:55.663Z"}
{"level":"info","message":"[http:3001] ::1:56344 => GET /api/v1/cart","timestamp":"2022-06-30T09:47:55.673Z"}
{"level":"info","message":"[http:3001] ::1:56346 => GET /api/v1/goods?page=2","timestamp":"2022-06-30T09:47:55.707Z"}
{"level":"info","message":"[http:3001] ::1:56348 => GET /api/v1/goods?page=1","timestamp":"2022-06-30T09:47:55.711Z"}
{"level":"info","message":"[http:3001] ::1:56350 => GET /api/v1/goods?page=1","timestamp":"2022-06-30T09:47:55.725Z"}
{"level":"info","message":"[http:3001] ::1:56352 => GET /api/v1/goods?page=2","timestamp":"2022-06-30T09:47:55.999Z"}
{"level":"info","message":"[http:3001] ::1:56354 => GET /api/v1/goods?page=2","timestamp":"2022-06-30T09:47:56.006Z"}
