{"level":"info","message":"[mb:2525] mountebank v2.6.0 now taking orders - point your browser to http://localhost:2525/ for help","timestamp":"2022-06-30T06:33:55.238Z"}
{"level":"info","message":"[mb:2525] PUT /imposters","timestamp":"2022-06-30T06:33:55.320Z"}
{"level":"info","message":"[http:3001] Open for business...","timestamp":"2022-06-30T06:33:55.358Z"}
{"level":"info","message":"[http:3001] ::1:55292 => GET /api/v1/goods?page=1","timestamp":"2022-06-30T06:34:10.829Z"}
{"level":"info","message":"[http:3001] ::1:55296 => GET /api/v1/cart","timestamp":"2022-06-30T06:34:10.844Z"}
{"level":"info","message":"[http:3001] ::1:55298 => GET /api/v1/goods?page=2","timestamp":"2022-06-30T06:34:10.875Z"}
{"level":"info","message":"[http:3001] ::1:55300 => GET /api/v1/goods?page=1","timestamp":"2022-06-30T06:34:10.892Z"}
{"level":"info","message":"[http:3001] ::1:55302 => GET /api/v1/goods?page=1","timestamp":"2022-06-30T06:34:10.907Z"}
{"level":"info","message":"[http:3001] ::1:55304 => GET /api/v1/goods?page=2","timestamp":"2022-06-30T06:34:11.139Z"}
{"level":"info","message":"[http:3001] ::1:55306 => GET /api/v1/goods?page=2","timestamp":"2022-06-30T06:34:11.153Z"}
{"level":"info","message":"[http:3001] ::1:55308 => GET /api/v1/goods?page=1","timestamp":"2022-06-30T06:47:43.803Z"}
{"level":"info","message":"[http:3001] ::1:55310 => GET /api/v1/cart","timestamp":"2022-06-30T06:47:43.808Z"}
{"level":"info","message":"[http:3001] ::1:55312 => GET /api/v1/goods?page=2","timestamp":"2022-06-30T06:47:43.817Z"}
{"level":"info","message":"[http:3001] ::1:55314 => GET /api/v1/goods?page=1","timestamp":"2022-06-30T06:47:43.825Z"}
{"level":"info","message":"[http:3001] ::1:55316 => GET /api/v1/goods?page=1","timestamp":"2022-06-30T06:47:43.832Z"}
{"level":"info","message":"[http:3001] ::1:55318 => GET /api/v1/goods?page=2","timestamp":"2022-06-30T06:47:43.919Z"}
{"level":"info","message":"[http:3001] ::1:55320 => GET /api/v1/goods?page=2","timestamp":"2022-06-30T06:47:43.926Z"}
{"level":"info","message":"[http:3001] ::1:55322 => GET /api/v1/goods?page=1","timestamp":"2022-06-30T06:47:51.787Z"}
{"level":"info","message":"[http:3001] ::1:55324 => GET /api/v1/cart","timestamp":"2022-06-30T06:47:51.792Z"}
{"level":"info","message":"[http:3001] ::1:55326 => GET /api/v1/goods?page=2","timestamp":"2022-06-30T06:47:51.814Z"}
{"level":"info","message":"[http:3001] ::1:55328 => GET /api/v1/goods?page=1","timestamp":"2022-06-30T06:47:51.826Z"}
{"level":"info","message":"[http:3001] ::1:55330 => GET /api/v1/goods?page=1","timestamp":"2022-06-30T06:47:51.834Z"}
{"level":"info","message":"[http:3001] ::1:55332 => GET /api/v1/goods?page=2","timestamp":"2022-06-30T06:47:51.976Z"}
{"level":"info","message":"[http:3001] ::1:55334 => GET /api/v1/goods?page=2","timestamp":"2022-06-30T06:47:51.983Z"}
{"level":"info","message":"[http:3001] ::1:55336 => GET /api/v1/goods?page=1","timestamp":"2022-06-30T06:48:43.150Z"}
{"level":"info","message":"[http:3001] ::1:55338 => GET /api/v1/cart","timestamp":"2022-06-30T06:48:43.155Z"}
{"level":"info","message":"[http:3001] ::1:55340 => GET /api/v1/goods?page=2","timestamp":"2022-06-30T06:48:43.176Z"}
{"level":"info","message":"[http:3001] ::1:55342 => GET /api/v1/goods?page=1","timestamp":"2022-06-30T06:48:43.188Z"}
{"level":"info","message":"[http:3001] ::1:55344 => GET /api/v1/goods?page=1","timestamp":"2022-06-30T06:48:43.207Z"}
{"level":"info","message":"[http:3001] ::1:55346 => GET /api/v1/goods?page=2","timestamp":"2022-06-30T06:48:43.325Z"}
{"level":"info","message":"[http:3001] ::1:55348 => GET /api/v1/goods?page=2","timestamp":"2022-06-30T06:48:43.335Z"}
{"level":"info","message":"[http:3001] ::1:55350 => GET /api/v1/goods?page=1","timestamp":"2022-06-30T06:49:00.330Z"}
{"level":"info","message":"[http:3001] ::1:55352 => GET /api/v1/cart","timestamp":"2022-06-30T06:49:00.341Z"}
{"level":"info","message":"[http:3001] ::1:55354 => GET /api/v1/goods?page=2","timestamp":"2022-06-30T06:49:00.369Z"}
{"level":"info","message":"[http:3001] ::1:55356 => GET /api/v1/goods?page=1","timestamp":"2022-06-30T06:49:00.385Z"}
{"level":"info","message":"[http:3001] ::1:55358 => GET /api/v1/goods?page=1","timestamp":"2022-06-30T06:49:00.424Z"}
{"level":"info","message":"[http:3001] ::1:55360 => GET /api/v1/goods?page=2","timestamp":"2022-06-30T06:49:00.505Z"}
{"level":"info","message":"[http:3001] ::1:55362 => GET /api/v1/goods?page=2","timestamp":"2022-06-30T06:49:00.517Z"}
{"level":"info","message":"[http:3001] ::1:55364 => GET /api/v1/goods?page=1","timestamp":"2022-06-30T06:49:06.351Z"}
{"level":"info","message":"[http:3001] ::1:55366 => GET /api/v1/cart","timestamp":"2022-06-30T06:49:06.358Z"}
{"level":"info","message":"[http:3001] ::1:55368 => GET /api/v1/goods?page=2","timestamp":"2022-06-30T06:49:06.404Z"}
{"level":"info","message":"[http:3001] ::1:55370 => GET /api/v1/goods?page=1","timestamp":"2022-06-30T06:49:06.409Z"}
{"level":"info","message":"[http:3001] ::1:55372 => GET /api/v1/goods?page=1","timestamp":"2022-06-30T06:49:06.416Z"}
{"level":"info","message":"[http:3001] ::1:55374 => GET /api/v1/goods?page=2","timestamp":"2022-06-30T06:49:06.577Z"}
{"level":"info","message":"[http:3001] ::1:55376 => GET /api/v1/goods?page=2","timestamp":"2022-06-30T06:49:06.587Z"}
{"level":"info","message":"[http:3001] ::1:55378 => GET /api/v1/goods?page=1","timestamp":"2022-06-30T06:49:28.020Z"}
{"level":"info","message":"[http:3001] ::1:55380 => GET /api/v1/cart","timestamp":"2022-06-30T06:49:28.024Z"}
{"level":"info","message":"[http:3001] ::1:55382 => GET /api/v1/goods?page=2","timestamp":"2022-06-30T06:49:28.035Z"}
{"level":"info","message":"[http:3001] ::1:55384 => GET /api/v1/goods?page=1","timestamp":"2022-06-30T06:49:28.049Z"}
{"level":"info","message":"[http:3001] ::1:55386 => GET /api/v1/goods?page=1","timestamp":"2022-06-30T06:49:28.072Z"}
{"level":"info","message":"[http:3001] ::1:55388 => GET /api/v1/goods?page=2","timestamp":"2022-06-30T06:49:28.198Z"}
{"level":"info","message":"[http:3001] ::1:55392 => GET /api/v1/goods?page=2","timestamp":"2022-06-30T06:49:28.209Z"}
{"level":"info","message":"[http:3001] ::1:55394 => GET /api/v1/goods?page=1","timestamp":"2022-06-30T06:49:54.833Z"}
{"level":"info","message":"[http:3001] ::1:55396 => GET /api/v1/cart","timestamp":"2022-06-30T06:49:54.838Z"}
{"level":"info","message":"[http:3001] ::1:55398 => GET /api/v1/goods?page=2","timestamp":"2022-06-30T06:49:54.848Z"}
{"level":"info","message":"[http:3001] ::1:55400 => GET /api/v1/goods?page=1","timestamp":"2022-06-30T06:49:54.857Z"}
{"level":"info","message":"[http:3001] ::1:55402 => GET /api/v1/goods?page=1","timestamp":"2022-06-30T06:49:54.866Z"}
{"level":"info","message":"[http:3001] ::1:55404 => GET /api/v1/goods?page=2","timestamp":"2022-06-30T06:49:54.973Z"}
{"level":"info","message":"[http:3001] ::1:55406 => GET /api/v1/goods?page=2","timestamp":"2022-06-30T06:49:54.982Z"}
{"level":"info","message":"[http:3001] ::1:55408 => GET /api/v1/goods?page=1","timestamp":"2022-06-30T06:49:58.122Z"}
{"level":"info","message":"[http:3001] ::1:55412 => GET /api/v1/cart","timestamp":"2022-06-30T06:49:58.127Z"}
{"level":"info","message":"[http:3001] ::1:55414 => GET /api/v1/goods?page=2","timestamp":"2022-06-30T06:49:58.172Z"}
{"level":"info","message":"[http:3001] ::1:55416 => GET /api/v1/goods?page=1","timestamp":"2022-06-30T06:49:58.179Z"}
{"level":"info","message":"[http:3001] ::1:55418 => GET /api/v1/goods?page=1","timestamp":"2022-06-30T06:49:58.189Z"}
{"level":"info","message":"[http:3001] ::1:55420 => GET /api/v1/goods?page=2","timestamp":"2022-06-30T06:49:58.356Z"}
{"level":"info","message":"[http:3001] ::1:55422 => GET /api/v1/goods?page=2","timestamp":"2022-06-30T06:49:58.364Z"}
{"level":"info","message":"[http:3001] ::1:55426 => GET /api/v1/goods?page=1","timestamp":"2022-06-30T06:50:09.354Z"}
{"level":"info","message":"[http:3001] ::1:55428 => GET /api/v1/cart","timestamp":"2022-06-30T06:50:09.359Z"}
{"level":"info","message":"[http:3001] ::1:55430 => GET /api/v1/goods?page=2","timestamp":"2022-06-30T06:50:09.381Z"}
{"level":"info","message":"[http:3001] ::1:55432 => GET /api/v1/goods?page=1","timestamp":"2022-06-30T06:50:09.394Z"}
{"level":"info","message":"[http:3001] ::1:55436 => GET /api/v1/goods?page=1","timestamp":"2022-06-30T06:50:09.402Z"}
{"level":"info","message":"[http:3001] ::1:55438 => GET /api/v1/goods?page=2","timestamp":"2022-06-30T06:50:09.535Z"}
{"level":"info","message":"[http:3001] ::1:55440 => GET /api/v1/goods?page=2","timestamp":"2022-06-30T06:50:09.542Z"}
{"level":"info","message":"[http:3001] ::1:55442 => GET /api/v1/goods?page=1","timestamp":"2022-06-30T06:51:40.803Z"}
{"level":"info","message":"[http:3001] ::1:55444 => GET /api/v1/cart","timestamp":"2022-06-30T06:51:40.808Z"}
{"level":"info","message":"[http:3001] ::1:55446 => GET /api/v1/goods?page=2","timestamp":"2022-06-30T06:51:40.835Z"}
{"level":"info","message":"[http:3001] ::1:55448 => GET /api/v1/goods?page=1","timestamp":"2022-06-30T06:51:40.839Z"}
{"level":"info","message":"[http:3001] ::1:55450 => GET /api/v1/goods?page=1","timestamp":"2022-06-30T06:51:40.861Z"}
{"level":"info","message":"[http:3001] ::1:55452 => GET /api/v1/goods?page=2","timestamp":"2022-06-30T06:51:40.992Z"}
{"level":"info","message":"[http:3001] ::1:55454 => GET /api/v1/goods?page=2","timestamp":"2022-06-30T06:51:41.002Z"}
{"level":"info","message":"[http:3001] ::1:55456 => GET /api/v1/goods?page=1","timestamp":"2022-06-30T06:57:42.808Z"}
{"level":"info","message":"[http:3001] ::1:55458 => GET /api/v1/cart","timestamp":"2022-06-30T06:57:42.827Z"}
{"level":"info","message":"[http:3001] ::1:55460 => GET /api/v1/goods?page=2","timestamp":"2022-06-30T06:57:42.835Z"}
{"level":"info","message":"[http:3001] ::1:55462 => GET /api/v1/goods?page=1","timestamp":"2022-06-30T06:57:42.860Z"}
{"level":"info","message":"[http:3001] ::1:55464 => GET /api/v1/goods?page=1","timestamp":"2022-06-30T06:57:42.871Z"}
{"level":"info","message":"[http:3001] ::1:55466 => GET /api/v1/goods?page=2","timestamp":"2022-06-30T06:57:42.969Z"}
{"level":"info","message":"[http:3001] ::1:55468 => GET /api/v1/goods?page=2","timestamp":"2022-06-30T06:57:42.975Z"}
{"level":"info","message":"[http:3001] ::1:55472 => GET /api/v1/goods?page=1","timestamp":"2022-06-30T06:57:44.811Z"}
{"level":"info","message":"[http:3001] ::1:55474 => GET /api/v1/cart","timestamp":"2022-06-30T06:57:44.815Z"}
{"level":"info","message":"[http:3001] ::1:55476 => GET /api/v1/goods?page=2","timestamp":"2022-06-30T06:57:44.830Z"}
{"level":"info","message":"[http:3001] ::1:55478 => GET /api/v1/goods?page=1","timestamp":"2022-06-30T06:57:44.839Z"}
{"level":"info","message":"[http:3001] ::1:55480 => GET /api/v1/goods?page=1","timestamp":"2022-06-30T06:57:44.853Z"}
{"level":"info","message":"[http:3001] ::1:55482 => GET /api/v1/goods?page=2","timestamp":"2022-06-30T06:57:44.967Z"}
{"level":"info","message":"[http:3001] ::1:55484 => GET /api/v1/goods?page=2","timestamp":"2022-06-30T06:57:44.978Z"}
{"level":"info","message":"[http:3001] ::1:55486 => GET /api/v1/goods?page=1","timestamp":"2022-06-30T06:57:49.802Z"}
{"level":"info","message":"[http:3001] ::1:55488 => GET /api/v1/cart","timestamp":"2022-06-30T06:57:49.806Z"}
{"level":"info","message":"[http:3001] ::1:55490 => GET /api/v1/goods?page=2","timestamp":"2022-06-30T06:57:49.818Z"}
{"level":"info","message":"[http:3001] ::1:55492 => GET /api/v1/goods?page=1","timestamp":"2022-06-30T06:57:49.823Z"}
{"level":"info","message":"[http:3001] ::1:55494 => GET /api/v1/goods?page=1","timestamp":"2022-06-30T06:57:49.834Z"}
{"level":"info","message":"[http:3001] ::1:55496 => GET /api/v1/goods?page=2","timestamp":"2022-06-30T06:57:49.911Z"}
{"level":"info","message":"[http:3001] ::1:55498 => GET /api/v1/goods?page=2","timestamp":"2022-06-30T06:57:49.920Z"}
{"level":"info","message":"[http:3001] ::1:55502 => GET /api/v1/goods?page=1","timestamp":"2022-06-30T06:57:55.784Z"}
{"level":"info","message":"[http:3001] ::1:55504 => GET /api/v1/cart","timestamp":"2022-06-30T06:57:55.789Z"}
{"level":"info","message":"[http:3001] ::1:55506 => GET /api/v1/goods?page=2","timestamp":"2022-06-30T06:57:55.828Z"}
{"level":"info","message":"[http:3001] ::1:55508 => GET /api/v1/goods?page=1","timestamp":"2022-06-30T06:57:55.841Z"}
{"level":"info","message":"[http:3001] ::1:55510 => GET /api/v1/goods?page=1","timestamp":"2022-06-30T06:57:55.848Z"}
{"level":"info","message":"[http:3001] ::1:55512 => GET /api/v1/goods?page=2","timestamp":"2022-06-30T06:57:55.997Z"}
{"level":"info","message":"[http:3001] ::1:55514 => GET /api/v1/goods?page=2","timestamp":"2022-06-30T06:57:56.005Z"}
{"level":"info","message":"[http:3001] ::1:55516 => GET /api/v1/goods?page=1","timestamp":"2022-06-30T08:38:17.812Z"}
{"level":"info","message":"[http:3001] ::1:55518 => GET /api/v1/cart","timestamp":"2022-06-30T08:38:17.817Z"}
{"level":"info","message":"[http:3001] ::1:55520 => GET /api/v1/goods?page=2","timestamp":"2022-06-30T08:38:17.841Z"}
{"level":"info","message":"[http:3001] ::1:55522 => GET /api/v1/goods?page=1","timestamp":"2022-06-30T08:38:17.852Z"}
{"level":"info","message":"[http:3001] ::1:55524 => GET /api/v1/goods?page=1","timestamp":"2022-06-30T08:38:17.862Z"}
{"level":"info","message":"[http:3001] ::1:55526 => GET /api/v1/goods?page=2","timestamp":"2022-06-30T08:38:18.025Z"}
{"level":"info","message":"[http:3001] ::1:55528 => GET /api/v1/goods?page=2","timestamp":"2022-06-30T08:38:18.067Z"}
{"level":"info","message":"[http:3001] ::1:55530 => GET /api/v1/goods?page=1","timestamp":"2022-06-30T08:38:18.805Z"}
{"level":"info","message":"[http:3001] ::1:55532 => GET /api/v1/cart","timestamp":"2022-06-30T08:38:18.812Z"}
{"level":"info","message":"[http:3001] ::1:55534 => GET /api/v1/goods?page=2","timestamp":"2022-06-30T08:38:18.833Z"}
{"level":"info","message":"[http:3001] ::1:55536 => GET /api/v1/goods?page=1","timestamp":"2022-06-30T08:38:18.845Z"}
{"level":"info","message":"[http:3001] ::1:55538 => GET /api/v1/goods?page=1","timestamp":"2022-06-30T08:38:18.882Z"}
{"level":"info","message":"[http:3001] ::1:55540 => GET /api/v1/goods?page=2","timestamp":"2022-06-30T08:38:19.114Z"}
{"level":"info","message":"[http:3001] ::1:55542 => GET /api/v1/goods?page=2","timestamp":"2022-06-30T08:38:19.134Z"}
{"level":"info","message":"[http:3001] ::1:55544 => GET /api/v1/goods?page=1","timestamp":"2022-06-30T08:38:32.804Z"}
{"level":"info","message":"[http:3001] ::1:55546 => GET /api/v1/cart","timestamp":"2022-06-30T08:38:32.811Z"}
{"level":"info","message":"[http:3001] ::1:55548 => GET /api/v1/goods?page=2","timestamp":"2022-06-30T08:38:32.836Z"}
{"level":"info","message":"[http:3001] ::1:55550 => GET /api/v1/goods?page=1","timestamp":"2022-06-30T08:38:32.851Z"}
{"level":"info","message":"[http:3001] ::1:55552 => GET /api/v1/goods?page=1","timestamp":"2022-06-30T08:38:32.863Z"}
{"level":"info","message":"[http:3001] ::1:55554 => GET /api/v1/goods?page=2","timestamp":"2022-06-30T08:38:33.084Z"}
{"level":"info","message":"[http:3001] ::1:55556 => GET /api/v1/goods?page=2","timestamp":"2022-06-30T08:38:33.095Z"}
{"level":"info","message":"[http:3001] ::1:55558 => GET /api/v1/goods?page=1","timestamp":"2022-06-30T08:38:37.808Z"}
{"level":"info","message":"[http:3001] ::1:55560 => GET /api/v1/cart","timestamp":"2022-06-30T08:38:37.814Z"}
{"level":"info","message":"[http:3001] ::1:55562 => GET /api/v1/goods?page=2","timestamp":"2022-06-30T08:38:37.834Z"}
{"level":"info","message":"[http:3001] ::1:55564 => GET /api/v1/goods?page=1","timestamp":"2022-06-30T08:38:37.840Z"}
{"level":"info","message":"[http:3001] ::1:55566 => GET /api/v1/goods?page=1","timestamp":"2022-06-30T08:38:37.849Z"}
{"level":"info","message":"[http:3001] ::1:55570 => GET /api/v1/goods?page=2","timestamp":"2022-06-30T08:38:37.958Z"}
{"level":"info","message":"[http:3001] ::1:55572 => GET /api/v1/goods?page=2","timestamp":"2022-06-30T08:38:37.967Z"}
{"level":"info","message":"[http:3001] ::1:55574 => GET /api/v1/goods?page=1","timestamp":"2022-06-30T08:38:52.812Z"}
{"level":"info","message":"[http:3001] ::1:55576 => GET /api/v1/cart","timestamp":"2022-06-30T08:38:52.816Z"}
{"level":"info","message":"[http:3001] ::1:55578 => GET /api/v1/goods?page=2","timestamp":"2022-06-30T08:38:52.844Z"}
{"level":"info","message":"[http:3001] ::1:55580 => GET /api/v1/goods?page=1","timestamp":"2022-06-30T08:38:52.860Z"}
{"level":"info","message":"[http:3001] ::1:55582 => GET /api/v1/goods?page=1","timestamp":"2022-06-30T08:38:52.890Z"}
{"level":"info","message":"[http:3001] ::1:55584 => GET /api/v1/goods?page=2","timestamp":"2022-06-30T08:38:53.054Z"}
{"level":"info","message":"[http:3001] ::1:55586 => GET /api/v1/goods?page=2","timestamp":"2022-06-30T08:38:53.081Z"}
{"level":"info","message":"[http:3001] ::1:55588 => GET /api/v1/goods?page=1","timestamp":"2022-06-30T08:39:02.819Z"}
{"level":"info","message":"[http:3001] ::1:55590 => GET /api/v1/cart","timestamp":"2022-06-30T08:39:02.826Z"}
{"level":"info","message":"[http:3001] ::1:55592 => GET /api/v1/goods?page=2","timestamp":"2022-06-30T08:39:02.847Z"}
{"level":"info","message":"[http:3001] ::1:55594 => GET /api/v1/goods?page=1","timestamp":"2022-06-30T08:39:02.862Z"}
{"level":"info","message":"[http:3001] ::1:55596 => GET /api/v1/goods?page=1","timestamp":"2022-06-30T08:39:02.874Z"}
{"level":"info","message":"[http:3001] ::1:55598 => GET /api/v1/goods?page=2","timestamp":"2022-06-30T08:39:02.978Z"}
{"level":"info","message":"[http:3001] ::1:55600 => GET /api/v1/goods?page=2","timestamp":"2022-06-30T08:39:02.996Z"}
{"level":"info","message":"[http:3001] ::1:55602 => GET /api/v1/goods?page=1","timestamp":"2022-06-30T08:39:14.812Z"}
{"level":"info","message":"[http:3001] ::1:55604 => GET /api/v1/cart","timestamp":"2022-06-30T08:39:14.827Z"}
{"level":"info","message":"[http:3001] ::1:55606 => GET /api/v1/goods?page=2","timestamp":"2022-06-30T08:39:14.857Z"}
{"level":"info","message":"[http:3001] ::1:55608 => GET /api/v1/goods?page=1","timestamp":"2022-06-30T08:39:14.886Z"}
{"level":"info","message":"[http:3001] ::1:55610 => GET /api/v1/goods?page=1","timestamp":"2022-06-30T08:39:14.908Z"}
{"level":"info","message":"[http:3001] ::1:55612 => GET /api/v1/goods?page=2","timestamp":"2022-06-30T08:39:15.024Z"}
{"level":"info","message":"[http:3001] ::1:55614 => GET /api/v1/goods?page=2","timestamp":"2022-06-30T08:39:15.034Z"}
{"level":"info","message":"[http:3001] ::1:55616 => GET /api/v1/goods?page=1","timestamp":"2022-06-30T08:39:23.719Z"}
{"level":"info","message":"[http:3001] ::1:55618 => GET /api/v1/cart","timestamp":"2022-06-30T08:39:23.726Z"}
{"level":"info","message":"[http:3001] ::1:55620 => GET /api/v1/goods?page=2","timestamp":"2022-06-30T08:39:23.785Z"}
{"level":"info","message":"[http:3001] ::1:55622 => GET /api/v1/goods?page=1","timestamp":"2022-06-30T08:39:23.811Z"}
{"level":"info","message":"[http:3001] ::1:55624 => GET /api/v1/goods?page=1","timestamp":"2022-06-30T08:39:23.822Z"}
{"level":"info","message":"[http:3001] ::1:55626 => GET /api/v1/goods?page=2","timestamp":"2022-06-30T08:39:24.091Z"}
{"level":"info","message":"[http:3001] ::1:55630 => GET /api/v1/goods?page=2","timestamp":"2022-06-30T08:39:24.104Z"}
{"level":"info","message":"[http:3001] ::1:55632 => GET /api/v1/goods?page=1","timestamp":"2022-06-30T08:39:49.220Z"}
{"level":"info","message":"[http:3001] ::1:55634 => GET /api/v1/cart","timestamp":"2022-06-30T08:39:49.238Z"}
{"level":"info","message":"[http:3001] ::1:55636 => GET /api/v1/goods?page=2","timestamp":"2022-06-30T08:39:49.288Z"}
{"level":"info","message":"[http:3001] ::1:55638 => GET /api/v1/goods?page=1","timestamp":"2022-06-30T08:39:49.295Z"}
{"level":"info","message":"[http:3001] ::1:55640 => GET /api/v1/goods?page=1","timestamp":"2022-06-30T08:39:49.303Z"}
{"level":"info","message":"[http:3001] ::1:55642 => GET /api/v1/goods?page=2","timestamp":"2022-06-30T08:39:49.495Z"}
{"level":"info","message":"[http:3001] ::1:55644 => GET /api/v1/goods?page=2","timestamp":"2022-06-30T08:39:49.542Z"}
{"level":"info","message":"[http:3001] ::1:55646 => GET /api/v1/goods?page=1","timestamp":"2022-06-30T08:40:51.839Z"}
{"level":"info","message":"[http:3001] ::1:55648 => GET /api/v1/cart","timestamp":"2022-06-30T08:40:51.844Z"}
{"level":"info","message":"[http:3001] ::1:55650 => GET /api/v1/goods?page=2","timestamp":"2022-06-30T08:40:51.909Z"}
{"level":"info","message":"[http:3001] ::1:55652 => GET /api/v1/goods?page=1","timestamp":"2022-06-30T08:40:51.914Z"}
{"level":"info","message":"[http:3001] ::1:55654 => GET /api/v1/goods?page=1","timestamp":"2022-06-30T08:40:51.939Z"}
{"level":"info","message":"[http:3001] ::1:55658 => GET /api/v1/goods?page=2","timestamp":"2022-06-30T08:40:52.074Z"}
{"level":"info","message":"[http:3001] ::1:55660 => GET /api/v1/goods?page=2","timestamp":"2022-06-30T08:40:52.085Z"}
{"level":"info","message":"[http:3001] ::1:55662 => GET /api/v1/goods?page=1","timestamp":"2022-06-30T08:40:59.658Z"}
{"level":"info","message":"[http:3001] ::1:55664 => GET /api/v1/cart","timestamp":"2022-06-30T08:40:59.664Z"}
{"level":"info","message":"[http:3001] ::1:55666 => GET /api/v1/goods?page=2","timestamp":"2022-06-30T08:40:59.734Z"}
{"level":"info","message":"[http:3001] ::1:55668 => GET /api/v1/goods?page=1","timestamp":"2022-06-30T08:40:59.738Z"}
{"level":"info","message":"[http:3001] ::1:55670 => GET /api/v1/goods?page=1","timestamp":"2022-06-30T08:40:59.757Z"}
{"level":"info","message":"[http:3001] ::1:55672 => GET /api/v1/goods?page=2","timestamp":"2022-06-30T08:40:59.946Z"}
{"level":"info","message":"[http:3001] ::1:55674 => GET /api/v1/goods?page=2","timestamp":"2022-06-30T08:40:59.987Z"}
{"level":"info","message":"[http:3001] ::1:55676 => GET /api/v1/goods?page=1","timestamp":"2022-06-30T08:42:58.153Z"}
{"level":"info","message":"[http:3001] ::1:55678 => GET /api/v1/cart","timestamp":"2022-06-30T08:42:58.208Z"}
{"level":"info","message":"[http:3001] ::1:55680 => GET /api/v1/goods?page=2","timestamp":"2022-06-30T08:42:58.318Z"}
{"level":"info","message":"[http:3001] ::1:55682 => GET /api/v1/goods?page=1","timestamp":"2022-06-30T08:42:58.400Z"}
{"level":"info","message":"[http:3001] ::1:55684 => GET /api/v1/goods?page=1","timestamp":"2022-06-30T08:42:58.430Z"}
{"level":"info","message":"[http:3001] ::1:55688 => GET /api/v1/goods?page=2","timestamp":"2022-06-30T08:42:58.894Z"}
{"level":"info","message":"[http:3001] ::1:55690 => GET /api/v1/goods?page=2","timestamp":"2022-06-30T08:42:58.905Z"}
{"level":"info","message":"[http:3001] ::1:55692 => GET /api/v1/goods?page=1","timestamp":"2022-06-30T08:43:30.127Z"}
{"level":"info","message":"[http:3001] ::1:55694 => GET /api/v1/cart","timestamp":"2022-06-30T08:43:30.158Z"}
{"level":"info","message":"[http:3001] ::1:55696 => GET /api/v1/goods?page=2","timestamp":"2022-06-30T08:43:30.201Z"}
{"level":"info","message":"[http:3001] ::1:55698 => GET /api/v1/goods?page=1","timestamp":"2022-06-30T08:43:30.248Z"}
{"level":"info","message":"[http:3001] ::1:55700 => GET /api/v1/goods?page=1","timestamp":"2022-06-30T08:43:30.269Z"}
{"level":"info","message":"[http:3001] ::1:55702 => GET /api/v1/goods?page=2","timestamp":"2022-06-30T08:43:30.567Z"}
{"level":"info","message":"[http:3001] ::1:55704 => GET /api/v1/goods?page=2","timestamp":"2022-06-30T08:43:30.599Z"}
{"level":"info","message":"[http:3001] ::1:55706 => GET /api/v1/goods?page=1","timestamp":"2022-06-30T08:43:32.132Z"}
{"level":"info","message":"[http:3001] ::1:55708 => GET /api/v1/cart","timestamp":"2022-06-30T08:43:32.136Z"}
{"level":"info","message":"[http:3001] ::1:55710 => GET /api/v1/goods?page=1","timestamp":"2022-06-30T08:43:32.175Z"}
{"level":"info","message":"[http:3001] ::1:55712 => GET /api/v1/goods?page=2","timestamp":"2022-06-30T08:43:32.188Z"}
{"level":"info","message":"[http:3001] ::1:55714 => GET /api/v1/goods?page=1","timestamp":"2022-06-30T08:43:32.200Z"}
{"level":"info","message":"[http:3001] ::1:55716 => GET /api/v1/goods?page=2","timestamp":"2022-06-30T08:43:32.282Z"}
{"level":"info","message":"[http:3001] ::1:55718 => GET /api/v1/goods?page=2","timestamp":"2022-06-30T08:43:32.576Z"}
{"level":"info","message":"[http:3001] ::1:55720 => GET /api/v1/goods?page=1","timestamp":"2022-06-30T08:43:35.907Z"}
{"level":"info","message":"[http:3001] ::1:55722 => GET /api/v1/cart","timestamp":"2022-06-30T08:43:35.912Z"}
{"level":"info","message":"[http:3001] ::1:55724 => GET /api/v1/goods?page=2","timestamp":"2022-06-30T08:43:35.971Z"}
{"level":"info","message":"[http:3001] ::1:55726 => GET /api/v1/goods?page=1","timestamp":"2022-06-30T08:43:35.985Z"}
{"level":"info","message":"[http:3001] ::1:55728 => GET /api/v1/goods?page=1","timestamp":"2022-06-30T08:43:36.005Z"}
{"level":"info","message":"[http:3001] ::1:55730 => GET /api/v1/goods?page=2","timestamp":"2022-06-30T08:43:36.259Z"}
{"level":"info","message":"[http:3001] ::1:55732 => GET /api/v1/goods?page=2","timestamp":"2022-06-30T08:43:36.325Z"}
{"level":"info","message":"[http:3001] ::1:55734 => GET /api/v1/goods?page=1","timestamp":"2022-06-30T08:45:20.028Z"}
{"level":"info","message":"[http:3001] ::1:55736 => GET /api/v1/cart","timestamp":"2022-06-30T08:45:20.044Z"}
{"level":"info","message":"[http:3001] ::1:55738 => GET /api/v1/goods?page=2","timestamp":"2022-06-30T08:45:20.114Z"}
{"level":"info","message":"[http:3001] ::1:55740 => GET /api/v1/goods?page=1","timestamp":"2022-06-30T08:45:20.146Z"}
{"level":"info","message":"[http:3001] ::1:55742 => GET /api/v1/goods?page=1","timestamp":"2022-06-30T08:45:20.169Z"}
{"level":"info","message":"[http:3001] ::1:55744 => GET /api/v1/goods?page=2","timestamp":"2022-06-30T08:45:20.479Z"}
{"level":"info","message":"[http:3001] ::1:55746 => GET /api/v1/goods?page=2","timestamp":"2022-06-30T08:45:20.492Z"}
{"level":"info","message":"[http:3001] ::1:55748 => GET /api/v1/goods?page=1","timestamp":"2022-06-30T08:48:24.487Z"}
{"level":"info","message":"[http:3001] ::1:55750 => GET /api/v1/cart","timestamp":"2022-06-30T08:48:24.496Z"}
{"level":"info","message":"[http:3001] ::1:55752 => GET /api/v1/goods?page=2","timestamp":"2022-06-30T08:48:24.558Z"}
{"level":"info","message":"[http:3001] ::1:55754 => GET /api/v1/goods?page=1","timestamp":"2022-06-30T08:48:24.628Z"}
{"level":"info","message":"[http:3001] ::1:55756 => GET /api/v1/goods?page=1","timestamp":"2022-06-30T08:48:24.650Z"}
{"level":"info","message":"[http:3001] ::1:55758 => GET /api/v1/goods?page=2","timestamp":"2022-06-30T08:48:24.750Z"}
{"level":"info","message":"[http:3001] ::1:55760 => GET /api/v1/goods?page=2","timestamp":"2022-06-30T08:48:24.768Z"}
{"level":"info","message":"[http:3001] ::1:55762 => GET /api/v1/goods?page=1","timestamp":"2022-06-30T08:48:24.806Z"}
{"level":"info","message":"[http:3001] ::1:55764 => GET /api/v1/cart","timestamp":"2022-06-30T08:48:24.837Z"}
{"level":"info","message":"[http:3001] ::1:55766 => GET /api/v1/goods?page=2","timestamp":"2022-06-30T08:48:24.844Z"}
{"level":"info","message":"[http:3001] ::1:55768 => GET /api/v1/goods?page=1","timestamp":"2022-06-30T08:48:24.888Z"}
{"level":"info","message":"[http:3001] ::1:55770 => GET /api/v1/goods?page=1","timestamp":"2022-06-30T08:48:24.949Z"}
{"level":"info","message":"[http:3001] ::1:55772 => GET /api/v1/goods?page=2","timestamp":"2022-06-30T08:48:25.364Z"}
{"level":"info","message":"[http:3001] ::1:55774 => GET /api/v1/goods?page=2","timestamp":"2022-06-30T08:48:25.388Z"}
{"level":"info","message":"[http:3001] ::1:55776 => GET /api/v1/goods?page=1","timestamp":"2022-06-30T08:48:26.614Z"}
{"level":"info","message":"[http:3001] ::1:55778 => GET /api/v1/cart","timestamp":"2022-06-30T08:48:26.643Z"}
{"level":"info","message":"[http:3001] ::1:55780 => GET /api/v1/goods?page=2","timestamp":"2022-06-30T08:48:26.706Z"}
{"level":"info","message":"[http:3001] ::1:55782 => GET /api/v1/goods?page=1","timestamp":"2022-06-30T08:48:26.715Z"}
{"level":"info","message":"[http:3001] ::1:55784 => GET /api/v1/goods?page=1","timestamp":"2022-06-30T08:48:26.726Z"}
{"level":"info","message":"[http:3001] ::1:55786 => GET /api/v1/goods?page=2","timestamp":"2022-06-30T08:48:27.108Z"}
{"level":"info","message":"[http:3001] ::1:55788 => GET /api/v1/goods?page=2","timestamp":"2022-06-30T08:48:27.118Z"}
{"level":"info","message":"[http:3001] ::1:55790 => GET /api/v1/goods?page=1","timestamp":"2022-06-30T08:49:21.816Z"}
{"level":"info","message":"[http:3001] ::1:55792 => GET /api/v1/cart","timestamp":"2022-06-30T08:49:21.823Z"}
{"level":"info","message":"[http:3001] ::1:55794 => GET /api/v1/goods?page=2","timestamp":"2022-06-30T08:49:21.982Z"}
{"level":"info","message":"[http:3001] ::1:55796 => GET /api/v1/goods?page=1","timestamp":"2022-06-30T08:49:22.050Z"}
{"level":"info","message":"[http:3001] ::1:55798 => GET /api/v1/goods?page=1","timestamp":"2022-06-30T08:49:22.074Z"}
{"level":"info","message":"[http:3001] ::1:55800 => GET /api/v1/goods?page=2","timestamp":"2022-06-30T08:49:22.388Z"}
{"level":"info","message":"[http:3001] ::1:55802 => GET /api/v1/goods?page=2","timestamp":"2022-06-30T08:49:22.403Z"}
{"level":"info","message":"[http:3001] ::1:55804 => GET /api/v1/goods?page=1","timestamp":"2022-06-30T08:56:11.170Z"}
{"level":"info","message":"[http:3001] ::1:55806 => GET /api/v1/cart","timestamp":"2022-06-30T08:56:11.177Z"}
{"level":"info","message":"[http:3001] ::1:55808 => GET /api/v1/goods?page=2","timestamp":"2022-06-30T08:56:11.221Z"}
{"level":"info","message":"[http:3001] ::1:55810 => GET /api/v1/goods?page=1","timestamp":"2022-06-30T08:56:11.233Z"}
{"level":"info","message":"[http:3001] ::1:55812 => GET /api/v1/goods?page=1","timestamp":"2022-06-30T08:56:11.240Z"}
{"level":"info","message":"[http:3001] ::1:55814 => GET /api/v1/goods?page=2","timestamp":"2022-06-30T08:56:11.469Z"}
{"level":"info","message":"[http:3001] ::1:55816 => GET /api/v1/goods?page=2","timestamp":"2022-06-30T08:56:11.479Z"}
{"level":"info","message":"[http:3001] ::1:55818 => GET /api/v1/goods?page=1","timestamp":"2022-06-30T08:56:50.431Z"}
{"level":"info","message":"[http:3001] ::1:55820 => GET /api/v1/cart","timestamp":"2022-06-30T08:56:50.440Z"}
{"level":"info","message":"[http:3001] ::1:55822 => GET /api/v1/goods?page=2","timestamp":"2022-06-30T08:56:50.478Z"}
{"level":"info","message":"[http:3001] ::1:55824 => GET /api/v1/goods?page=1","timestamp":"2022-06-30T08:56:50.488Z"}
{"level":"info","message":"[http:3001] ::1:55826 => GET /api/v1/goods?page=1","timestamp":"2022-06-30T08:56:50.518Z"}
{"level":"info","message":"[http:3001] ::1:55828 => GET /api/v1/goods?page=2","timestamp":"2022-06-30T08:56:50.565Z"}
{"level":"info","message":"[http:3001] ::1:55830 => GET /api/v1/goods?page=2","timestamp":"2022-06-30T08:56:50.574Z"}
{"level":"info","message":"[http:3001] ::1:55832 => GET /api/v1/goods?page=1","timestamp":"2022-06-30T08:56:55.238Z"}
{"level":"info","message":"[http:3001] ::1:55834 => GET /api/v1/cart","timestamp":"2022-06-30T08:56:55.248Z"}
{"level":"info","message":"[http:3001] ::1:55836 => GET /api/v1/goods?page=2","timestamp":"2022-06-30T08:56:55.263Z"}
{"level":"info","message":"[http:3001] ::1:55838 => GET /api/v1/goods?page=1","timestamp":"2022-06-30T08:56:55.270Z"}
{"level":"info","message":"[http:3001] ::1:55840 => GET /api/v1/goods?page=1","timestamp":"2022-06-30T08:56:55.292Z"}
{"level":"info","message":"[http:3001] ::1:55842 => GET /api/v1/goods?page=2","timestamp":"2022-06-30T08:56:55.427Z"}
{"level":"info","message":"[http:3001] ::1:55844 => GET /api/v1/goods?page=2","timestamp":"2022-06-30T08:56:55.443Z"}
{"level":"info","message":"[http:3001] ::1:55846 => GET /api/v1/goods?page=1","timestamp":"2022-06-30T08:57:09.094Z"}
{"level":"info","message":"[http:3001] ::1:55848 => GET /api/v1/cart","timestamp":"2022-06-30T08:57:09.112Z"}
{"level":"info","message":"[http:3001] ::1:55850 => GET /api/v1/goods?page=2","timestamp":"2022-06-30T08:57:09.136Z"}
{"level":"info","message":"[http:3001] ::1:55852 => GET /api/v1/goods?page=1","timestamp":"2022-06-30T08:57:09.143Z"}
{"level":"info","message":"[http:3001] ::1:55854 => GET /api/v1/goods?page=1","timestamp":"2022-06-30T08:57:09.150Z"}
{"level":"info","message":"[http:3001] ::1:55856 => GET /api/v1/goods?page=2","timestamp":"2022-06-30T08:57:09.374Z"}
{"level":"info","message":"[http:3001] ::1:55858 => GET /api/v1/goods?page=2","timestamp":"2022-06-30T08:57:09.398Z"}
{"level":"info","message":"[http:3001] ::1:55860 => GET /api/v1/goods?page=1","timestamp":"2022-06-30T08:57:22.514Z"}
{"level":"info","message":"[http:3001] ::1:55862 => GET /api/v1/cart","timestamp":"2022-06-30T08:57:22.519Z"}
{"level":"info","message":"[http:3001] ::1:55864 => GET /api/v1/goods?page=2","timestamp":"2022-06-30T08:57:22.572Z"}
{"level":"info","message":"[http:3001] ::1:55866 => GET /api/v1/goods?page=1","timestamp":"2022-06-30T08:57:22.576Z"}
{"level":"info","message":"[http:3001] ::1:55870 => GET /api/v1/goods?page=1","timestamp":"2022-06-30T08:57:22.587Z"}
{"level":"info","message":"[http:3001] ::1:55872 => GET /api/v1/goods?page=2","timestamp":"2022-06-30T08:57:22.816Z"}
{"level":"info","message":"[http:3001] ::1:55874 => GET /api/v1/goods?page=2","timestamp":"2022-06-30T08:57:22.833Z"}
{"level":"info","message":"[http:3001] ::1:55876 => GET /api/v1/goods?page=1","timestamp":"2022-06-30T08:58:18.609Z"}
{"level":"info","message":"[http:3001] ::1:55878 => GET /api/v1/cart","timestamp":"2022-06-30T08:58:18.618Z"}
{"level":"info","message":"[http:3001] ::1:55880 => GET /api/v1/goods?page=2","timestamp":"2022-06-30T08:58:18.667Z"}
{"level":"info","message":"[http:3001] ::1:55882 => GET /api/v1/goods?page=1","timestamp":"2022-06-30T08:58:18.673Z"}
{"level":"info","message":"[http:3001] ::1:55886 => GET /api/v1/goods?page=1","timestamp":"2022-06-30T08:58:18.688Z"}
{"level":"info","message":"[http:3001] ::1:55888 => GET /api/v1/goods?page=2","timestamp":"2022-06-30T08:58:18.900Z"}
{"level":"info","message":"[http:3001] ::1:55890 => GET /api/v1/goods?page=2","timestamp":"2022-06-30T08:58:19.000Z"}
{"level":"info","message":"[http:3001] ::1:55894 => GET /api/v1/goods?page=1","timestamp":"2022-06-30T08:59:17.695Z"}
{"level":"info","message":"[http:3001] ::1:55896 => GET /api/v1/cart","timestamp":"2022-06-30T08:59:17.699Z"}
{"level":"info","message":"[http:3001] ::1:55898 => GET /api/v1/goods?page=2","timestamp":"2022-06-30T08:59:17.742Z"}
{"level":"info","message":"[http:3001] ::1:55900 => GET /api/v1/goods?page=1","timestamp":"2022-06-30T08:59:17.753Z"}
{"level":"info","message":"[http:3001] ::1:55902 => GET /api/v1/goods?page=1","timestamp":"2022-06-30T08:59:17.767Z"}
{"level":"info","message":"[http:3001] ::1:55906 => GET /api/v1/goods?page=2","timestamp":"2022-06-30T08:59:17.995Z"}
{"level":"info","message":"[http:3001] ::1:55908 => GET /api/v1/goods?page=2","timestamp":"2022-06-30T08:59:18.006Z"}
{"level":"info","message":"[http:3001] ::1:55910 => GET /api/v1/goods?page=1","timestamp":"2022-06-30T08:59:28.772Z"}
{"level":"info","message":"[http:3001] ::1:55912 => GET /api/v1/cart","timestamp":"2022-06-30T08:59:28.779Z"}
{"level":"info","message":"[http:3001] ::1:55914 => GET /api/v1/goods?page=2","timestamp":"2022-06-30T08:59:28.832Z"}
{"level":"info","message":"[http:3001] ::1:55916 => GET /api/v1/goods?page=1","timestamp":"2022-06-30T08:59:28.837Z"}
{"level":"info","message":"[http:3001] ::1:55918 => GET /api/v1/goods?page=1","timestamp":"2022-06-30T08:59:28.853Z"}
{"level":"info","message":"[http:3001] ::1:55920 => GET /api/v1/goods?page=2","timestamp":"2022-06-30T08:59:29.076Z"}
{"level":"info","message":"[http:3001] ::1:55922 => GET /api/v1/goods?page=2","timestamp":"2022-06-30T08:59:29.091Z"}
{"level":"info","message":"[http:3001] ::1:55924 => GET /api/v1/goods?page=1","timestamp":"2022-06-30T09:08:29.713Z"}
{"level":"info","message":"[http:3001] ::1:55926 => GET /api/v1/cart","timestamp":"2022-06-30T09:08:29.718Z"}
{"level":"info","message":"[http:3001] ::1:55930 => GET /api/v1/goods?page=2","timestamp":"2022-06-30T09:08:29.771Z"}
{"level":"info","message":"[http:3001] ::1:55932 => GET /api/v1/goods?page=1","timestamp":"2022-06-30T09:08:29.776Z"}
{"level":"info","message":"[http:3001] ::1:55936 => GET /api/v1/goods?page=1","timestamp":"2022-06-30T09:08:29.797Z"}
{"level":"info","message":"[http:3001] ::1:55938 => GET /api/v1/goods?page=2","timestamp":"2022-06-30T09:08:30.101Z"}
{"level":"info","message":"[http:3001] ::1:55940 => GET /api/v1/goods?page=2","timestamp":"2022-06-30T09:08:30.115Z"}
{"level":"info","message":"[http:3001] ::1:55942 => GET /api/v1/goods?page=1","timestamp":"2022-06-30T09:10:33.884Z"}
{"level":"info","message":"[http:3001] ::1:55944 => GET /api/v1/cart","timestamp":"2022-06-30T09:10:33.887Z"}
{"level":"info","message":"[http:3001] ::1:55946 => GET /api/v1/goods?page=2","timestamp":"2022-06-30T09:10:33.930Z"}
{"level":"info","message":"[http:3001] ::1:55948 => GET /api/v1/goods?page=1","timestamp":"2022-06-30T09:10:33.940Z"}
{"level":"info","message":"[http:3001] ::1:55950 => GET /api/v1/goods?page=1","timestamp":"2022-06-30T09:10:33.955Z"}
{"level":"info","message":"[http:3001] ::1:55952 => GET /api/v1/goods?page=2","timestamp":"2022-06-30T09:10:34.168Z"}
{"level":"info","message":"[http:3001] ::1:55954 => GET /api/v1/goods?page=2","timestamp":"2022-06-30T09:10:34.186Z"}
{"level":"info","message":"[http:3001] ::1:55956 => GET /api/v1/goods?page=1","timestamp":"2022-06-30T09:11:20.621Z"}
{"level":"info","message":"[http:3001] ::1:55958 => GET /api/v1/cart","timestamp":"2022-06-30T09:11:20.626Z"}
{"level":"info","message":"[http:3001] ::1:55960 => GET /api/v1/goods?page=2","timestamp":"2022-06-30T09:11:20.706Z"}
{"level":"info","message":"[http:3001] ::1:55962 => GET /api/v1/goods?page=1","timestamp":"2022-06-30T09:11:20.734Z"}
{"level":"info","message":"[http:3001] ::1:55964 => GET /api/v1/goods?page=1","timestamp":"2022-06-30T09:11:20.741Z"}
{"level":"info","message":"[http:3001] ::1:55966 => GET /api/v1/goods?page=2","timestamp":"2022-06-30T09:11:21.017Z"}
{"level":"info","message":"[http:3001] ::1:55968 => GET /api/v1/goods?page=2","timestamp":"2022-06-30T09:11:21.025Z"}
{"level":"info","message":"[http:3001] ::1:55970 => GET /api/v1/goods?page=1","timestamp":"2022-06-30T09:11:37.266Z"}
{"level":"info","message":"[http:3001] ::1:55972 => GET /api/v1/cart","timestamp":"2022-06-30T09:11:37.271Z"}
{"level":"info","message":"[http:3001] ::1:55974 => GET /api/v1/goods?page=2","timestamp":"2022-06-30T09:11:37.331Z"}
{"level":"info","message":"[http:3001] ::1:55976 => GET /api/v1/goods?page=1","timestamp":"2022-06-30T09:11:37.336Z"}
{"level":"info","message":"[http:3001] ::1:55978 => GET /api/v1/goods?page=1","timestamp":"2022-06-30T09:11:37.345Z"}
{"level":"info","message":"[http:3001] ::1:55980 => GET /api/v1/goods?page=2","timestamp":"2022-06-30T09:11:37.533Z"}
{"level":"info","message":"[http:3001] ::1:55982 => GET /api/v1/goods?page=2","timestamp":"2022-06-30T09:11:37.567Z"}
{"level":"info","message":"[http:3001] ::1:55984 => GET /api/v1/goods?page=1","timestamp":"2022-06-30T09:12:31.188Z"}
{"level":"info","message":"[http:3001] ::1:55986 => GET /api/v1/cart","timestamp":"2022-06-30T09:12:31.194Z"}
{"level":"info","message":"[http:3001] ::1:55988 => GET /api/v1/goods?page=2","timestamp":"2022-06-30T09:12:31.244Z"}
{"level":"info","message":"[http:3001] ::1:55990 => GET /api/v1/goods?page=1","timestamp":"2022-06-30T09:12:31.265Z"}
{"level":"info","message":"[http:3001] ::1:55992 => GET /api/v1/goods?page=1","timestamp":"2022-06-30T09:12:31.280Z"}
{"level":"info","message":"[http:3001] ::1:55994 => GET /api/v1/goods?page=2","timestamp":"2022-06-30T09:12:31.501Z"}
{"level":"info","message":"[http:3001] ::1:55996 => GET /api/v1/goods?page=2","timestamp":"2022-06-30T09:12:31.515Z"}
{"level":"info","message":"[mb:2525] Adios - see you soon?","timestamp":"2022-06-30T09:13:12.582Z"}
